Build started 4/24/2015 4:06:12 PM.
     1>Project "C:\Users\krish\Dropbox\biomass\BioMASS\BioMASS\BioMASS.vcxproj" on node 2 (Build target(s)).
     1>ResourceCompile:
         C:\Program Files (x86)\Windows Kits\8.1\bin\x86\rc.exe /D _DEBUG /D _UNICODE /D UNICODE /D _AFXDLL /l"0x0409" /IDebug\ /nologo /fo"Debug\BioMASS.res" BioMASS.rc 
       Link:
         C:\Program Files (x86)\Microsoft Visual Studio 12.0\VC\bin\link.exe /ERRORREPORT:PROMPT /OUT:"C:\Users\krish\Dropbox\biomass\BioMASS\Debug\BioMASS.exe" /INCREMENTAL /NOLOGO /MANIFEST /MANIFESTUAC:"level='asInvoker' uiAccess='false'" /manifest:embed /manifestinput:"C:\Program Files (x86)\Microsoft Visual Studio 12.0\VC\Include\Manifest\dpiaware.manifest" /DEBUG /PDB:"C:\Users\krish\Dropbox\biomass\BioMASS\Debug\BioMASS.pdb" /SUBSYSTEM:WINDOWS /TLBID:1 /ENTRY:"wWinMainCRTStartup" /DYNAMICBASE /NXCOMPAT /IMPLIB:"C:\Users\krish\Dropbox\biomass\BioMASS\Debug\BioMASS.lib" /MACHINE:X86 Debug\BioMASS.res
         Debug\BioMASS.obj
         Debug\BioMASSDoc.obj
         Debug\BioMASSView.obj
         Debug\InhibitionModel.obj
         Debug\MainFrm.obj
         Debug\MultipleReactors.obj
         Debug\MultipleReagents.obj
         Debug\reaction.obj
         Debug\SimpleBatch.obj
         Debug\SingleLimiting.obj
         Debug\stdafx.obj
         Debug\table.obj
         BioMASS.vcxproj -> C:\Users\krish\Dropbox\biomass\BioMASS\Debug\BioMASS.exe
     1>Done Building Project "C:\Users\krish\Dropbox\biomass\BioMASS\BioMASS\BioMASS.vcxproj" (Build target(s)).

Build succeeded.

Time Elapsed 00:00:00.65
